0 info it worked if it ends with ok
1 verbose cli [ '/Users/josephgibson/.nvm/versions/node/v6.17.1/bin/node',
1 verbose cli   '/Users/josephgibson/.nvm/versions/node/v6.17.1/bin/npm',
1 verbose cli   'run',
1 verbose cli   'dev' ]
2 info using npm@3.10.10
3 info using node@v6.17.1
4 verbose run-script [ 'predev', 'dev', 'postdev' ]
5 info lifecycle cherryboiz@1.0.0~predev: cherryboiz@1.0.0
6 silly lifecycle cherryboiz@1.0.0~predev: no script for predev, continuing
7 info lifecycle cherryboiz@1.0.0~dev: cherryboiz@1.0.0
8 verbose lifecycle cherryboiz@1.0.0~dev: unsafe-perm in lifecycle true
9 verbose lifecycle cherryboiz@1.0.0~dev: PATH: /Users/josephgibson/.nvm/versions/node/v6.17.1/lib/node_modules/npm/bin/node-gyp-bin:/Users/josephgibson/cherryboiz/cherryboiz/node_modules/.bin:/Users/josephgibson/.nvm/versions/node/v6.17.1/bin:/usr/local/Cellar/pyenv-virtualenv/1.1.3/shims:/Users/josephgibson/.pyenv/shims:/usr/local/bin:/usr/bin:/bin:/usr/sbin:/sbin
10 verbose lifecycle cherryboiz@1.0.0~dev: CWD: /Users/josephgibson/cherryboiz/cherryboiz
11 silly lifecycle cherryboiz@1.0.0~dev: Args: [ '-c',
11 silly lifecycle   'NODE_ENV=development node_modules/webpack/bin/webpack.js --progress --hide-modules --config=node_modules/laravel-mix/setup/webpack.config.js' ]
12 silly lifecycle cherryboiz@1.0.0~dev: Returned: code: 1  signal: null
13 info lifecycle cherryboiz@1.0.0~dev: Failed to exec dev script
14 verbose stack Error: cherryboiz@1.0.0 dev: `NODE_ENV=development node_modules/webpack/bin/webpack.js --progress --hide-modules --config=node_modules/laravel-mix/setup/webpack.config.js`
14 verbose stack Exit status 1
14 verbose stack     at EventEmitter.<anonymous> (/Users/josephgibson/.nvm/versions/node/v6.17.1/lib/node_modules/npm/lib/utils/lifecycle.js:255:16)
14 verbose stack     at emitTwo (events.js:106:13)
14 verbose stack     at EventEmitter.emit (events.js:191:7)
14 verbose stack     at ChildProcess.<anonymous> (/Users/josephgibson/.nvm/versions/node/v6.17.1/lib/node_modules/npm/lib/utils/spawn.js:40:14)
14 verbose stack     at emitTwo (events.js:106:13)
14 verbose stack     at ChildProcess.emit (events.js:191:7)
14 verbose stack     at maybeClose (internal/child_process.js:920:16)
14 verbose stack     at Process.ChildProcess._handle.onexit (internal/child_process.js:230:5)
15 verbose pkgid cherryboiz@1.0.0
16 verbose cwd /Users/josephgibson/cherryboiz/cherryboiz
17 error Darwin 19.2.0
18 error argv "/Users/josephgibson/.nvm/versions/node/v6.17.1/bin/node" "/Users/josephgibson/.nvm/versions/node/v6.17.1/bin/npm" "run" "dev"
19 error node v6.17.1
20 error npm  v3.10.10
21 error code ELIFECYCLE
22 error cherryboiz@1.0.0 dev: `NODE_ENV=development node_modules/webpack/bin/webpack.js --progress --hide-modules --config=node_modules/laravel-mix/setup/webpack.config.js`
22 error Exit status 1
23 error Failed at the cherryboiz@1.0.0 dev script 'NODE_ENV=development node_modules/webpack/bin/webpack.js --progress --hide-modules --config=node_modules/laravel-mix/setup/webpack.config.js'.
23 error Make sure you have the latest version of node.js and npm installed.
23 error If you do, this is most likely a problem with the cherryboiz package,
23 error not with npm itself.
23 error Tell the author that this fails on your system:
23 error     NODE_ENV=development node_modules/webpack/bin/webpack.js --progress --hide-modules --config=node_modules/laravel-mix/setup/webpack.config.js
23 error You can get information on how to open an issue for this project with:
23 error     npm bugs cherryboiz
23 error Or if that isn't available, you can get their info via:
23 error     npm owner ls cherryboiz
23 error There is likely additional logging output above.
24 verbose exit [ 1, true ]
